# JRE version: Java(TM) SE Runtime Environment (17.0.17+8) (build 17.0.17+8-LTS-360)
# Java VM: Java HotSpot(TM) 64-Bit Server VM (17.0.17+8-LTS-360, mixed mode, sharing, tiered, compressed oops, compressed class ptrs, g1 gc, windows-amd64)
GC Precious Log:
 CPUs: 8 total, 8 available
 Memory: 7835M
 Large Page Support: Disabled
 NUMA Support: Disabled
 Compressed Oops: Enabled (32-bit)
 Heap Region Size: 1M
 Heap Min Capacity: 8M
 Heap Initial Capacity: 124M
 Heap Max Capacity: 1960M
 Pre-touch: Disabled
 Parallel Workers: 8
 Concurrent Workers: 2
 Concurrent Refinement Workers: 8
 Periodic GC: Disabled
Heap:
 garbage-first heap   total 110592K, used 69108K [0x0000000085800000, 0x0000000100000000)
  region size 1024K, 14 young (14336K), 3 survivors (3072K)
 Metaspace       used 31053K, committed 31424K, reserved 1114112K
  class space    used 3508K, committed 3648K, reserved 1048576K
GC Heap History (20 events):
Event: 9.156 GC heap before
{Heap before GC invocations=4 (full 0):
 garbage-first heap   total 126976K, used 112531K [0x0000000085800000, 0x0000000100000000)
  region size 1024K, 62 young (63488K), 4 survivors (4096K)
 Metaspace       used 19762K, committed 20096K, reserved 1114112K
  class space    used 2274K, committed 2432K, reserved 1048576K
}
Event: 9.169 GC heap after
{Heap after GC invocations=5 (full 0):
 garbage-first heap   total 126976K, used 25360K [0x0000000085800000, 0x0000000100000000)
  region size 1024K, 9 young (9216K), 9 survivors (9216K)
 Metaspace       used 19762K, committed 20096K, reserved 1114112K
  class space    used 2274K, committed 2432K, reserved 1048576K
}
Event: 9.266 GC heap before
{Heap before GC invocations=5 (full 0):
 garbage-first heap   total 126976K, used 26384K [0x0000000085800000, 0x0000000100000000)
  region size 1024K, 11 young (11264K), 9 survivors (9216K)
 Metaspace       used 21261K, committed 21504K, reserved 1114112K
  class space    used 2465K, committed 2560K, reserved 1048576K
}
Event: 9.275 GC heap after
{Heap after GC invocations=6 (full 0):
 garbage-first heap   total 126976K, used 24190K [0x0000000085800000, 0x0000000100000000)
  region size 1024K, 1 young (1024K), 1 survivors (1024K)
 Metaspace       used 21261K, committed 21504K, reserved 1114112K
  class space    used 2465K, committed 2560K, reserved 1048576K
}
Event: 10.451 GC heap before
{Heap before GC invocations=7 (full 0):
 garbage-first heap   total 86016K, used 73342K [0x0000000085800000, 0x0000000100000000)
  region size 1024K, 45 young (46080K), 1 survivors (1024K)
 Metaspace       used 25341K, committed 25728K, reserved 1114112K
  class space    used 2925K, committed 3136K, reserved 1048576K
}
Event: 10.465 GC heap after
{Heap after GC invocations=8 (full 0):
 garbage-first heap   total 92160K, used 44670K [0x0000000085800000, 0x0000000100000000)
  region size 1024K, 7 young (7168K), 7 survivors (7168K)
 Metaspace       used 25341K, committed 25728K, reserved 1114112K
  class space    used 2925K, committed 3136K, reserved 1048576K
}
Event: 10.918 GC heap before
{Heap before GC invocations=8 (full 0):
 garbage-first heap   total 92160K, used 66174K [0x0000000085800000, 0x0000000100000000)
  region size 1024K, 29 young (29696K), 7 survivors (7168K)
 Metaspace       used 26052K, committed 26368K, reserved 1114112K
  class space    used 2997K, committed 3136K, reserved 1048576K
}
Event: 10.930 GC heap after
{Heap after GC invocations=9 (full 0):
 garbage-first heap   total 92160K, used 49790K [0x0000000085800000, 0x0000000100000000)
  region size 1024K, 4 young (4096K), 4 survivors (4096K)
 Metaspace       used 26052K, committed 26368K, reserved 1114112K
  class space    used 2997K, committed 3136K, reserved 1048576K
}
Event: 10.936 GC heap before
{Heap before GC invocations=9 (full 0):
 garbage-first heap   total 92160K, used 51838K [0x0000000085800000, 0x0000000100000000)
  region size 1024K, 7 young (7168K), 4 survivors (4096K)
 Metaspace       used 26052K, committed 26368K, reserved 1114112K
  class space    used 2997K, committed 3136K, reserved 1048576K
}
Event: 10.942 GC heap after
{Heap after GC invocations=10 (full 0):
 garbage-first heap   total 110592K, used 50465K [0x0000000085800000, 0x0000000100000000)
  region size 1024K, 1 young (1024K), 1 survivors (1024K)
 Metaspace       used 26052K, committed 26368K, reserved 1114112K
  class space    used 2997K, committed 3136K, reserved 1048576K
}
Event: 11.334 GC heap before
{Heap before GC invocations=11 (full 0):
 garbage-first heap   total 110592K, used 65825K [0x0000000085800000, 0x0000000100000000)
  region size 1024K, 16 young (16384K), 1 survivors (1024K)
 Metaspace       used 26247K, committed 26624K, reserved 1114112K
  class space    used 3001K, committed 3200K, reserved 1048576K
}
Event: 11.340 GC heap after
{Heap after GC invocations=12 (full 0):
 garbage-first heap   total 110592K, used 54000K [0x0000000085800000, 0x0000000100000000)
  region size 1024K, 4 young (4096K), 4 survivors (4096K)
 Metaspace       used 26247K, committed 26624K, reserved 1114112K
  class space    used 3001K, committed 3200K, reserved 1048576K
}
Event: 12.398 GC heap before
{Heap before GC invocations=13 (full 0):
 garbage-first heap   total 110592K, used 82672K [0x0000000085800000, 0x0000000100000000)
  region size 1024K, 31 young (31744K), 4 survivors (4096K)
 Metaspace       used 27835K, committed 28160K, reserved 1114112K
  class space    used 3174K, committed 3328K, reserved 1048576K
}
Event: 12.405 GC heap after
{Heap after GC invocations=14 (full 0):
 garbage-first heap   total 110592K, used 56542K [0x0000000085800000, 0x0000000100000000)
  region size 1024K, 2 young (2048K), 2 survivors (2048K)
 Metaspace       used 27835K, committed 28160K, reserved 1114112K
  class space    used 3174K, committed 3328K, reserved 1048576K
}
Event: 13.007 GC heap before
{Heap before GC invocations=14 (full 0):
 garbage-first heap   total 110592K, used 84190K [0x0000000085800000, 0x0000000100000000)
  region size 1024K, 29 young (29696K), 2 survivors (2048K)
 Metaspace       used 28837K, committed 29184K, reserved 1114112K
  class space    used 3279K, committed 3456K, reserved 1048576K
}
Event: 13.013 GC heap after
{Heap after GC invocations=15 (full 0):
 garbage-first heap   total 110592K, used 57218K [0x0000000085800000, 0x0000000100000000)
  region size 1024K, 3 young (3072K), 3 survivors (3072K)
 Metaspace       used 28837K, committed 29184K, reserved 1114112K
  class space    used 3279K, committed 3456K, reserved 1048576K
}
Event: 13.349 GC heap before
{Heap before GC invocations=16 (full 0):
 garbage-first heap   total 110592K, used 84866K [0x0000000085800000, 0x0000000100000000)
  region size 1024K, 30 young (30720K), 3 survivors (3072K)
 Metaspace       used 29093K, committed 29440K, reserved 1114112K
  class space    used 3283K, committed 3456K, reserved 1048576K
}
Event: 13.355 GC heap after
{Heap after GC invocations=17 (full 0):
 garbage-first heap   total 110592K, used 57636K [0x0000000085800000, 0x0000000100000000)
  region size 1024K, 3 young (3072K), 3 survivors (3072K)
 Metaspace       used 29093K, committed 29440K, reserved 1114112K
  class space    used 3283K, committed 3456K, reserved 1048576K
}
Event: 14.098 GC heap before
{Heap before GC invocations=17 (full 0):
 garbage-first heap   total 110592K, used 87332K [0x0000000085800000, 0x0000000100000000)
  region size 1024K, 32 young (32768K), 3 survivors (3072K)
 Metaspace       used 30707K, committed 31040K, reserved 1114112K
  class space    used 3500K, committed 3648K, reserved 1048576K
}
Event: 14.106 GC heap after
{Heap after GC invocations=18 (full 0):
 garbage-first heap   total 110592K, used 58868K [0x0000000085800000, 0x0000000100000000)
  region size 1024K, 3 young (3072K), 3 survivors (3072K)
 Metaspace       used 30707K, committed 31040K, reserved 1114112K
  class space    used 3500K, committed 3648K, reserved 1048576K
}

